<?xml version="1.0" encoding="UTF-8"?>
<!-- Generated by org.testng.reporters.JUnitReportReporter -->
<testsuite hostname="2RPNZ53" failures="0" tests="1" name="tests.GoogleTestCase_TestNG_Demo" time="7.503" errors="0" timestamp="2021-06-07T22:16:54 IST" skipped="0">
  <testcase classname="tests.GoogleTestCase_TestNG_Demo" name="GoogleTestCase" time="7.503"/>
  <system-out/>
</testsuite> <!-- tests.GoogleTestCase_TestNG_Demo -->
