<?xml version="1.0" encoding="UTF-8"?>
<!-- Generated by org.testng.reporters.JUnitReportReporter -->
<testsuite hostname="DESKTOP-H0Q4RMO" failures="0" tests="1" name="tests.GoogleTestCase_TestNG_Demo" time="42.913" errors="0" timestamp="2021-05-30T11:05:24 IST" skipped="0">
  <testcase classname="tests.GoogleTestCase_TestNG_Demo" name="GoogleTestCase" time="42.913"/>
  <system-out/>
</testsuite> <!-- tests.GoogleTestCase_TestNG_Demo -->
